<?xml version="1.0" encoding="UTF-8"?>
<testsuite xmlns:xsi="http://www.w3.org/2001/XMLSchema-instance" xsi:noNamespaceSchemaLocation="https://maven.apache.org/surefire/maven-surefire-plugin/xsd/surefire-test-report-3.0.xsd" version="3.0" name="com.neuedu.junit.test.question.DateUtilTest" time="1.082" tests="27" errors="0" skipped="0" failures="0">
  <properties>
[...]
</properties>
  <testcase name="test_logic_getDays_1(int, int, String)[1]" classname="com.neuedu.junit.test.question.DateUtilTest" time="0.287"/>
  <testcase name="test_logic_getDays_1(int, int, String)[2]" classname="com.neuedu.junit.test.question.DateUtilTest" time="0.01"/>
  <testcase name="test_logic_getDays_1(int, int, String)[3]" classname="com.neuedu.junit.test.question.DateUtilTest" time="0.006"/>
  <testcase name="test_logic_getDays_1(int, int, String)[4]" classname="com.neuedu.junit.test.question.DateUtilTest" time="0.006"/>
  <testcase name="test_logic_getDays_1(int, int, String)[5]" classname="com.neuedu.junit.test.question.DateUtilTest" time="0.008"/>
  <testcase name="test_logic_getDays_1(int, int, String)[6]" classname="com.neuedu.junit.test.question.DateUtilTest" time="0.012"/>
  <testcase name="test_logic_getDays_1(int, int, String)[7]" classname="com.neuedu.junit.test.question.DateUtilTest" time="0.015"/>
  <testcase name="test_logic_getDays_1(int, int, String)[8]" classname="com.neuedu.junit.test.question.DateUtilTest" time="0.008"/>
  <testcase name="test_logic_getDays_1(int, int, String)[9]" classname="com.neuedu.junit.test.question.DateUtilTest" time="0.006"/>
  <testcase name="test_logic_getDays_1(int, int, String)[10]" classname="com.neuedu.junit.test.question.DateUtilTest" time="0.008"/>
  <testcase name="test_logic_getDays_1(int, int, String)[11]" classname="com.neuedu.junit.test.question.DateUtilTest" time="0.03"/>
  <testcase name="test_logic_getDays_2(int, int, String)[1]" classname="com.neuedu.junit.test.question.DateUtilTest" time="0.007"/>
  <testcase name="test_logic_getDays_2(int, int, String)[2]" classname="com.neuedu.junit.test.question.DateUtilTest" time="0.013"/>
  <testcase name="test_logic_getDays_2(int, int, String)[3]" classname="com.neuedu.junit.test.question.DateUtilTest" time="0.007"/>
  <testcase name="test_logic_getDays_2(int, int, String)[4]" classname="com.neuedu.junit.test.question.DateUtilTest" time="0.008"/>
  <testcase name="test_ddt_getDays(int, int, String)[1]" classname="com.neuedu.junit.test.question.DateUtilTest" time="0.01"/>
  <testcase name="test_ddt_getDays(int, int, String)[2]" classname="com.neuedu.junit.test.question.DateUtilTest" time="0.006"/>
  <testcase name="test_ddt_getDays(int, int, String)[3]" classname="com.neuedu.junit.test.question.DateUtilTest" time="0.018"/>
  <testcase name="test_ddt_getDays(int, int, String)[4]" classname="com.neuedu.junit.test.question.DateUtilTest" time="0.006"/>
  <testcase name="test_ddt_getDays(int, int, String)[5]" classname="com.neuedu.junit.test.question.DateUtilTest" time="0.005"/>
  <testcase name="test_ddt_getDays(int, int, String)[6]" classname="com.neuedu.junit.test.question.DateUtilTest" time="0.0"/>
  <testcase name="test_ddt_getDays(int, int, String)[7]" classname="com.neuedu.junit.test.question.DateUtilTest" time="0.006"/>
  <testcase name="test_errt_getDays_1(int, int, String)[1]" classname="com.neuedu.junit.test.question.DateUtilTest" time="0.008"/>
  <testcase name="test_errt_getDays_1(int, int, String)[2]" classname="com.neuedu.junit.test.question.DateUtilTest" time="0.008"/>
  <testcase name="test_errt_getDays_2(int, int, String)[1]" classname="com.neuedu.junit.test.question.DateUtilTest" time="0.006"/>
  <testcase name="test_errt_getDays_2(int, int, String)[2]" classname="com.neuedu.junit.test.question.DateUtilTest" time="0.006"/>
  <testcase name="test_errt_getDays_2(int, int, String)[3]" classname="com.neuedu.junit.test.question.DateUtilTest" time="0.006"/>
</testsuite>